<?xml version="1.0" encoding="UTF-8"?>
<!-- Generated by org.testng.reporters.JUnitReportReporter -->
<testsuite hostname="DESKTOP-2EF6UIN" failures="0" tests="1" name="com.qa.mesadnd.MesaDNDTest" time="3.643" errors="0" timestamp="19 May 2020 21:21:27 GMT" skipped="0">
  <testcase classname="com.qa.mesadnd.MesaDNDTest" name="shouldAnswerWithTrue" time="3.643"/>
</testsuite> <!-- com.qa.mesadnd.MesaDNDTest -->
