<?xml version="1.0" encoding="UTF-8"?>
<!-- Generated by org.testng.reporters.JUnitReportReporter -->
<testsuite hostname="DESKTOP-2EF6UIN" failures="0" tests="5" name="com.qa.mesadnd.service.CharacterServiceUnitTest" time="0.188" errors="0" timestamp="19 May 2020 21:21:27 GMT" skipped="0">
  <testcase classname="com.qa.mesadnd.service.CharacterServiceUnitTest" name="deleteCharacterByExistingId" time="0.035"/>
  <testcase classname="com.qa.mesadnd.service.CharacterServiceUnitTest" name="findCharacterByIdTest" time="0.040"/>
  <testcase classname="com.qa.mesadnd.service.CharacterServiceUnitTest" name="deleteCharacterByNonExistingId" time="0.033"/>
  <testcase classname="com.qa.mesadnd.service.CharacterServiceUnitTest" name="getAllCharacterTest" time="0.042"/>
  <testcase classname="com.qa.mesadnd.service.CharacterServiceUnitTest" name="createCharacterTest" time="0.038"/>
</testsuite> <!-- com.qa.mesadnd.service.CharacterServiceUnitTest -->
