<?xml version="1.0" encoding="UTF-8"?>
<!-- Generated by org.testng.reporters.JUnitReportReporter -->
<testsuite hostname="DESKTOP-2EF6UIN" failures="0" tests="5" name="com.qa.mesadnd.service.AbilitiesServiceUnitTest" time="0.775" errors="0" timestamp="19 May 2020 21:21:27 GMT" skipped="0">
  <testcase classname="com.qa.mesadnd.service.AbilitiesServiceUnitTest" name="createAbilitiesTest" time="0.155"/>
  <testcase classname="com.qa.mesadnd.service.AbilitiesServiceUnitTest" name="getAllAbilitiesTest" time="0.157"/>
  <testcase classname="com.qa.mesadnd.service.AbilitiesServiceUnitTest" name="deleteAbilitiesByExistingId" time="0.162"/>
  <testcase classname="com.qa.mesadnd.service.AbilitiesServiceUnitTest" name="deleteAbilitiesByNonExistingId" time="0.152"/>
  <testcase classname="com.qa.mesadnd.service.AbilitiesServiceUnitTest" name="findAbilitiesByIdTest" time="0.149"/>
</testsuite> <!-- com.qa.mesadnd.service.AbilitiesServiceUnitTest -->
