<?xml version="1.0" encoding="UTF-8"?>
<!-- Generated by org.testng.reporters.JUnitReportReporter -->
<testsuite hostname="DESKTOP-2EF6UIN" failures="0" tests="14" name="com.qa.mesadnd.dto.SkillsDTOTest" time="0.021" errors="0" timestamp="19 May 2020 21:21:27 GMT" skipped="0">
  <testcase classname="com.qa.mesadnd.dto.SkillsDTOTest" name="equalsWithNull" time="0.001"/>
  <testcase classname="com.qa.mesadnd.dto.SkillsDTOTest" name="equalsWithDifferentObject" time="0.002"/>
  <testcase classname="com.qa.mesadnd.dto.SkillsDTOTest" name="skillModifierNullButOtherSkillModifierNotNull" time="0.002"/>
  <testcase classname="com.qa.mesadnd.dto.SkillsDTOTest" name="characterSheetIDDifferent" time="0.001"/>
  <testcase classname="com.qa.mesadnd.dto.SkillsDTOTest" name="skillModifierNotEqual" time="0.001"/>
  <testcase classname="com.qa.mesadnd.dto.SkillsDTOTest" name="settersTest" time="0.002"/>
  <testcase classname="com.qa.mesadnd.dto.SkillsDTOTest" name="createSkillsSheetWithId" time="0.002"/>
  <testcase classname="com.qa.mesadnd.dto.SkillsDTOTest" name="otherIdDifferent" time="0.002"/>
  <testcase classname="com.qa.mesadnd.dto.SkillsDTOTest" name="skillsNameNullButOtherNameNotNull" time="0.001"/>
  <testcase classname="com.qa.mesadnd.dto.SkillsDTOTest" name="checkEquality" time="0.001"/>
  <testcase classname="com.qa.mesadnd.dto.SkillsDTOTest" name="skillsNamesNotEqual" time="0.002"/>
  <testcase classname="com.qa.mesadnd.dto.SkillsDTOTest" name="hashCodeTestWithNull" time="0.002"/>
  <testcase classname="com.qa.mesadnd.dto.SkillsDTOTest" name="nullId" time="0.001"/>
  <testcase classname="com.qa.mesadnd.dto.SkillsDTOTest" name="checkEqualityBetweenDifferentObjects" time="0.001"/>
</testsuite> <!-- com.qa.mesadnd.dto.SkillsDTOTest -->
