<?xml version="1.0" encoding="UTF-8"?>
<!-- Generated by org.testng.reporters.JUnitReportReporter -->
<testsuite hostname="DESKTOP-2EF6UIN" failures="0" tests="4" name="com.qa.mesadnd.controller.CharacterSheetControllerIntegrationTest" time="5.285" errors="0" timestamp="19 May 2020 21:21:27 GMT" skipped="0">
  <testcase classname="com.qa.mesadnd.controller.CharacterSheetControllerIntegrationTest" name="deleteCharacterTest" time="0.706"/>
  <testcase classname="com.qa.mesadnd.controller.CharacterSheetControllerIntegrationTest" name="createCharacterTest" time="1.073"/>
  <testcase classname="com.qa.mesadnd.controller.CharacterSheetControllerIntegrationTest" name="getCharacterByID" time="1.978"/>
  <testcase classname="com.qa.mesadnd.controller.CharacterSheetControllerIntegrationTest" name="getAllCharacterTest" time="1.528"/>
</testsuite> <!-- com.qa.mesadnd.controller.CharacterSheetControllerIntegrationTest -->
