<?xml version="1.0" encoding="UTF-8"?>
<!-- Generated by org.testng.reporters.JUnitReportReporter -->
<testsuite hostname="DESKTOP-2EF6UIN" failures="0" tests="22" name="com.qa.mesadnd.domain.AbilitiesTest" time="0.047" errors="0" timestamp="19 May 2020 21:21:27 GMT" skipped="0">
  <testcase classname="com.qa.mesadnd.domain.AbilitiesTest" name="intelligenceNullButOtherIntelligenceNotNull" time="0.003"/>
  <testcase classname="com.qa.mesadnd.domain.AbilitiesTest" name="createSkillsSheetWithId" time="0.003"/>
  <testcase classname="com.qa.mesadnd.domain.AbilitiesTest" name="settersTest" time="0.002"/>
  <testcase classname="com.qa.mesadnd.domain.AbilitiesTest" name="dexterityNullButOtherDexterityNotNull" time="0.002"/>
  <testcase classname="com.qa.mesadnd.domain.AbilitiesTest" name="checkEqualityBetweenDifferentObjects" time="0.001"/>
  <testcase classname="com.qa.mesadnd.domain.AbilitiesTest" name="strengthNullButOtherStrengthNotNull" time="0.002"/>
  <testcase classname="com.qa.mesadnd.domain.AbilitiesTest" name="strengthNotEqual" time="0.002"/>
  <testcase classname="com.qa.mesadnd.domain.AbilitiesTest" name="constitutionNullButOtherConstitutionNotNull" time="0.001"/>
  <testcase classname="com.qa.mesadnd.domain.AbilitiesTest" name="constitutionNotEqual" time="0.003"/>
  <testcase classname="com.qa.mesadnd.domain.AbilitiesTest" name="dexterityNotEqual" time="0.002"/>
  <testcase classname="com.qa.mesadnd.domain.AbilitiesTest" name="nullId" time="0.002"/>
  <testcase classname="com.qa.mesadnd.domain.AbilitiesTest" name="wisdomNullButOtherWisdomNotNull" time="0.002"/>
  <testcase classname="com.qa.mesadnd.domain.AbilitiesTest" name="otherIdDifferent" time="0.003"/>
  <testcase classname="com.qa.mesadnd.domain.AbilitiesTest" name="equalsWithDifferentObject" time="0.002"/>
  <testcase classname="com.qa.mesadnd.domain.AbilitiesTest" name="charismaNotEqual" time="0.002"/>
  <testcase classname="com.qa.mesadnd.domain.AbilitiesTest" name="abilitiesIDDifferent" time="0.001"/>
  <testcase classname="com.qa.mesadnd.domain.AbilitiesTest" name="intelligenceNotEqual" time="0.003"/>
  <testcase classname="com.qa.mesadnd.domain.AbilitiesTest" name="checkEquality" time="0.001"/>
  <testcase classname="com.qa.mesadnd.domain.AbilitiesTest" name="wisdomNotEqual" time="0.002"/>
  <testcase classname="com.qa.mesadnd.domain.AbilitiesTest" name="equalsWithNull" time="0.002"/>
  <testcase classname="com.qa.mesadnd.domain.AbilitiesTest" name="charismaNullButOtherCharismaNotNull" time="0.003"/>
  <testcase classname="com.qa.mesadnd.domain.AbilitiesTest" name="hashCodeTestWithNull" time="0.003"/>
</testsuite> <!-- com.qa.mesadnd.domain.AbilitiesTest -->
