<?xml version="1.0" encoding="UTF-8"?>
<!-- Generated by org.testng.reporters.JUnitReportReporter -->
<testsuite hostname="DESKTOP-2EF6UIN" failures="0" tests="5" name="com.qa.mesadnd.controller.SkillsControllerUnitTest" time="0.280" errors="0" timestamp="19 May 2020 21:21:27 GMT" skipped="0">
  <testcase classname="com.qa.mesadnd.controller.SkillsControllerUnitTest" name="getSkillsByIDTest" time="0.062"/>
  <testcase classname="com.qa.mesadnd.controller.SkillsControllerUnitTest" name="getAllSkillsTest" time="0.064"/>
  <testcase classname="com.qa.mesadnd.controller.SkillsControllerUnitTest" name="deleteSkillsTestFalse" time="0.043"/>
  <testcase classname="com.qa.mesadnd.controller.SkillsControllerUnitTest" name="deleteSkillsTestTrue" time="0.066"/>
  <testcase classname="com.qa.mesadnd.controller.SkillsControllerUnitTest" name="createSkillsTest" time="0.045"/>
</testsuite> <!-- com.qa.mesadnd.controller.SkillsControllerUnitTest -->
