<?xml version="1.0" encoding="UTF-8"?>
<!-- Generated by org.testng.reporters.JUnitReportReporter -->
<testsuite hostname="DESKTOP-2EF6UIN" failures="0" tests="4" name="com.qa.mesadnd.controller.SkillsControllerIntegrationTest" time="5.740" errors="0" timestamp="19 May 2020 21:21:27 GMT" skipped="0">
  <testcase classname="com.qa.mesadnd.controller.SkillsControllerIntegrationTest" name="createSkillsTest" time="0.868"/>
  <testcase classname="com.qa.mesadnd.controller.SkillsControllerIntegrationTest" name="deleteSkillsTest" time="1.713"/>
  <testcase classname="com.qa.mesadnd.controller.SkillsControllerIntegrationTest" name="getAllSkillsTest" time="1.181"/>
  <testcase classname="com.qa.mesadnd.controller.SkillsControllerIntegrationTest" name="getSkillsByID" time="1.978"/>
</testsuite> <!-- com.qa.mesadnd.controller.SkillsControllerIntegrationTest -->
