<?xml version="1.0" encoding="UTF-8"?>
<!-- Generated by org.testng.reporters.JUnitReportReporter -->
<testsuite hostname="DESKTOP-2EF6UIN" failures="0" tests="4" name="com.qa.mesadnd.controller.CharacterSheetControllerUnitTest" time="0.172" errors="0" timestamp="19 May 2020 21:21:27 GMT" skipped="0">
  <testcase classname="com.qa.mesadnd.controller.CharacterSheetControllerUnitTest" name="getAllCharacterTest" time="0.042"/>
  <testcase classname="com.qa.mesadnd.controller.CharacterSheetControllerUnitTest" name="createCharacterTest" time="0.040"/>
  <testcase classname="com.qa.mesadnd.controller.CharacterSheetControllerUnitTest" name="getCharacterByIDTest" time="0.046"/>
  <testcase classname="com.qa.mesadnd.controller.CharacterSheetControllerUnitTest" name="deleteCharacterTestFalse" time="0.044"/>
</testsuite> <!-- com.qa.mesadnd.controller.CharacterSheetControllerUnitTest -->
