<?xml version="1.0" encoding="UTF-8"?>
<!-- Generated by org.testng.reporters.JUnitReportReporter -->
<testsuite hostname="DESKTOP-2EF6UIN" failures="0" tests="4" name="com.qa.mesadnd.service.AbilitiesServiceIntegrationTest" time="17.550" errors="0" timestamp="19 May 2020 21:21:27 GMT" skipped="0">
  <testcase classname="com.qa.mesadnd.service.AbilitiesServiceIntegrationTest" name="readAbilitiesTest" time="4.537"/>
  <testcase classname="com.qa.mesadnd.service.AbilitiesServiceIntegrationTest" name="createAbilitiesTest" time="4.784"/>
  <testcase classname="com.qa.mesadnd.service.AbilitiesServiceIntegrationTest" name="deleteAbilitiesTest" time="3.988"/>
  <testcase classname="com.qa.mesadnd.service.AbilitiesServiceIntegrationTest" name="findAbilitiesByIdTest" time="4.241"/>
</testsuite> <!-- com.qa.mesadnd.service.AbilitiesServiceIntegrationTest -->
