<?xml version="1.0" encoding="UTF-8"?>
<!-- Generated by org.testng.reporters.JUnitReportReporter -->
<testsuite hostname="DESKTOP-2EF6UIN" failures="0" tests="5" name="com.qa.mesadnd.service.SkillsServiceUnitTest" time="0.183" errors="0" timestamp="19 May 2020 21:21:27 GMT" skipped="0">
  <testcase classname="com.qa.mesadnd.service.SkillsServiceUnitTest" name="findSkillsByIdTest" time="0.042"/>
  <testcase classname="com.qa.mesadnd.service.SkillsServiceUnitTest" name="createSkillsTest" time="0.034"/>
  <testcase classname="com.qa.mesadnd.service.SkillsServiceUnitTest" name="deleteSkillsByNonExistingId" time="0.037"/>
  <testcase classname="com.qa.mesadnd.service.SkillsServiceUnitTest" name="getAllSkillsTest" time="0.039"/>
  <testcase classname="com.qa.mesadnd.service.SkillsServiceUnitTest" name="deleteSkillsByExistingId" time="0.031"/>
</testsuite> <!-- com.qa.mesadnd.service.SkillsServiceUnitTest -->
