<?xml version="1.0" encoding="UTF-8"?>
<!-- Generated by org.testng.reporters.JUnitReportReporter -->
<testsuite hostname="DESKTOP-2EF6UIN" failures="0" tests="4" name="com.qa.mesadnd.service.SkillsServiceIntegrationTest" time="5.453" errors="0" timestamp="19 May 2020 21:21:27 GMT" skipped="0">
  <testcase classname="com.qa.mesadnd.service.SkillsServiceIntegrationTest" name="deleteSkillsTest" time="1.614"/>
  <testcase classname="com.qa.mesadnd.service.SkillsServiceIntegrationTest" name="readSkillsTest" time="0.869"/>
  <testcase classname="com.qa.mesadnd.service.SkillsServiceIntegrationTest" name="findSkillsByIdTest" time="1.861"/>
  <testcase classname="com.qa.mesadnd.service.SkillsServiceIntegrationTest" name="createSkillsTest" time="1.109"/>
</testsuite> <!-- com.qa.mesadnd.service.SkillsServiceIntegrationTest -->
