<?xml version="1.0" encoding="UTF-8"?>
<!-- Generated by org.testng.reporters.JUnitReportReporter -->
<testsuite hostname="DESKTOP-2EF6UIN" failures="0" tests="19" name="com.qa.mesadnd.domain.CharacterSheetTest" time="0.044" errors="0" timestamp="19 May 2020 21:21:27 GMT" skipped="0">
  <testcase classname="com.qa.mesadnd.domain.CharacterSheetTest" name="characterSheetIDDifferent" time="0.002"/>
  <testcase classname="com.qa.mesadnd.domain.CharacterSheetTest" name="hashCodeTestWithNull" time="0.003"/>
  <testcase classname="com.qa.mesadnd.domain.CharacterSheetTest" name="characterSheetNameNullButOtherNameNotNull" time="0.002"/>
  <testcase classname="com.qa.mesadnd.domain.CharacterSheetTest" name="characterSheetMaxHpNullButOtherMaxHpNotNull" time="0.002"/>
  <testcase classname="com.qa.mesadnd.domain.CharacterSheetTest" name="otherIdDifferent" time="0.003"/>
  <testcase classname="com.qa.mesadnd.domain.CharacterSheetTest" name="constructorWithoutId" time="0.001"/>
  <testcase classname="com.qa.mesadnd.domain.CharacterSheetTest" name="characterSheetCurrentHpNotEqual" time="0.002"/>
  <testcase classname="com.qa.mesadnd.domain.CharacterSheetTest" name="characterSheetMaxHpNotEqual" time="0.002"/>
  <testcase classname="com.qa.mesadnd.domain.CharacterSheetTest" name="equalsWithDifferentObject" time="0.002"/>
  <testcase classname="com.qa.mesadnd.domain.CharacterSheetTest" name="equalsWithNull" time="0.003"/>
  <testcase classname="com.qa.mesadnd.domain.CharacterSheetTest" name="checkEqualityBetweenDifferentObjects" time="0.002"/>
  <testcase classname="com.qa.mesadnd.domain.CharacterSheetTest" name="characterSheetExpNullButOtherExpNotNull" time="0.003"/>
  <testcase classname="com.qa.mesadnd.domain.CharacterSheetTest" name="checkEquality" time="0.002"/>
  <testcase classname="com.qa.mesadnd.domain.CharacterSheetTest" name="characterSheetNamesNotEqual" time="0.002"/>
  <testcase classname="com.qa.mesadnd.domain.CharacterSheetTest" name="nullId" time="0.003"/>
  <testcase classname="com.qa.mesadnd.domain.CharacterSheetTest" name="characterSheetExpNotEqual" time="0.002"/>
  <testcase classname="com.qa.mesadnd.domain.CharacterSheetTest" name="characterSheetCurrentHpNullButOtherCurrentHpNotNull" time="0.002"/>
  <testcase classname="com.qa.mesadnd.domain.CharacterSheetTest" name="settersTest" time="0.003"/>
  <testcase classname="com.qa.mesadnd.domain.CharacterSheetTest" name="createCharacterSheetWithId" time="0.003"/>
</testsuite> <!-- com.qa.mesadnd.domain.CharacterSheetTest -->
