<?xml version="1.0" encoding="UTF-8"?>
<!-- Generated by org.testng.reporters.JUnitReportReporter -->
<testsuite hostname="DESKTOP-2EF6UIN" failures="0" tests="22" name="com.qa.mesadnd.dto.AbilitiesDTOTest" time="0.042" errors="0" timestamp="19 May 2020 21:21:27 GMT" skipped="0">
  <testcase classname="com.qa.mesadnd.dto.AbilitiesDTOTest" name="charismaNullButOtherCharismaNotNull" time="0.003"/>
  <testcase classname="com.qa.mesadnd.dto.AbilitiesDTOTest" name="createAbilitiesDTOWithId" time="0.002"/>
  <testcase classname="com.qa.mesadnd.dto.AbilitiesDTOTest" name="strengthNullButOtherStrengthNotNull" time="0.002"/>
  <testcase classname="com.qa.mesadnd.dto.AbilitiesDTOTest" name="abilitiesDTOIDDifferent" time="0.002"/>
  <testcase classname="com.qa.mesadnd.dto.AbilitiesDTOTest" name="wisdomNotEqual" time="0.002"/>
  <testcase classname="com.qa.mesadnd.dto.AbilitiesDTOTest" name="dexterityNullButOtherDexterityNotNull" time="0.002"/>
  <testcase classname="com.qa.mesadnd.dto.AbilitiesDTOTest" name="wisdomNullButOtherWisdomNotNull" time="0.002"/>
  <testcase classname="com.qa.mesadnd.dto.AbilitiesDTOTest" name="settersTest" time="0.002"/>
  <testcase classname="com.qa.mesadnd.dto.AbilitiesDTOTest" name="otherIdDifferent" time="0.003"/>
  <testcase classname="com.qa.mesadnd.dto.AbilitiesDTOTest" name="checkEqualityBetweenDifferentObjects" time="0.001"/>
  <testcase classname="com.qa.mesadnd.dto.AbilitiesDTOTest" name="charismaNotEqual" time="0.002"/>
  <testcase classname="com.qa.mesadnd.dto.AbilitiesDTOTest" name="checkEquality" time="0.001"/>
  <testcase classname="com.qa.mesadnd.dto.AbilitiesDTOTest" name="hashCodeTestWithNull" time="0.002"/>
  <testcase classname="com.qa.mesadnd.dto.AbilitiesDTOTest" name="equalsWithDifferentObject" time="0.002"/>
  <testcase classname="com.qa.mesadnd.dto.AbilitiesDTOTest" name="constitutionNotEqual" time="0.003"/>
  <testcase classname="com.qa.mesadnd.dto.AbilitiesDTOTest" name="equalsWithNull" time="0.002"/>
  <testcase classname="com.qa.mesadnd.dto.AbilitiesDTOTest" name="nullId" time="0.001"/>
  <testcase classname="com.qa.mesadnd.dto.AbilitiesDTOTest" name="constitutionNullButOtherConstitutionNotNull" time="0.002"/>
  <testcase classname="com.qa.mesadnd.dto.AbilitiesDTOTest" name="dexterityNotEqual" time="0.001"/>
  <testcase classname="com.qa.mesadnd.dto.AbilitiesDTOTest" name="intelligenceNullButOtherIntelligenceNotNull" time="0.002"/>
  <testcase classname="com.qa.mesadnd.dto.AbilitiesDTOTest" name="strengthNotEqual" time="0.001"/>
  <testcase classname="com.qa.mesadnd.dto.AbilitiesDTOTest" name="intelligenceNotEqual" time="0.002"/>
</testsuite> <!-- com.qa.mesadnd.dto.AbilitiesDTOTest -->
