<?xml version="1.0" encoding="UTF-8"?>
<!-- Generated by org.testng.reporters.JUnitReportReporter -->
<testsuite hostname="DESKTOP-2EF6UIN" failures="0" tests="19" name="com.qa.mesadnd.dto.CharacterDTOTest" time="0.037" errors="0" timestamp="19 May 2020 21:21:27 GMT" skipped="0">
  <testcase classname="com.qa.mesadnd.dto.CharacterDTOTest" name="characterDTONamesNotEqual" time="0.002"/>
  <testcase classname="com.qa.mesadnd.dto.CharacterDTOTest" name="settersTest" time="0.002"/>
  <testcase classname="com.qa.mesadnd.dto.CharacterDTOTest" name="hashCodeTestWithNull" time="0.003"/>
  <testcase classname="com.qa.mesadnd.dto.CharacterDTOTest" name="characterDTOCurrentHpNullButOtherCurrentHpNotNull" time="0.001"/>
  <testcase classname="com.qa.mesadnd.dto.CharacterDTOTest" name="nullId" time="0.001"/>
  <testcase classname="com.qa.mesadnd.dto.CharacterDTOTest" name="constructorWithoutId" time="0.001"/>
  <testcase classname="com.qa.mesadnd.dto.CharacterDTOTest" name="characterDTOCurrentHpNotEqual" time="0.004"/>
  <testcase classname="com.qa.mesadnd.dto.CharacterDTOTest" name="otherIdDifferent" time="0.003"/>
  <testcase classname="com.qa.mesadnd.dto.CharacterDTOTest" name="createCharacterDTOWithId" time="0.003"/>
  <testcase classname="com.qa.mesadnd.dto.CharacterDTOTest" name="characterDTOMaxHpNotEqual" time="0.002"/>
  <testcase classname="com.qa.mesadnd.dto.CharacterDTOTest" name="characterDTOExpNullButOtherExpNotNull" time="0.002"/>
  <testcase classname="com.qa.mesadnd.dto.CharacterDTOTest" name="equalsWithNull" time="0.002"/>
  <testcase classname="com.qa.mesadnd.dto.CharacterDTOTest" name="characterDTOIDDifferent" time="0.001"/>
  <testcase classname="com.qa.mesadnd.dto.CharacterDTOTest" name="checkEquality" time="0.001"/>
  <testcase classname="com.qa.mesadnd.dto.CharacterDTOTest" name="characterDTONameNullButOtherNameNotNull" time="0.002"/>
  <testcase classname="com.qa.mesadnd.dto.CharacterDTOTest" name="characterDTOMaxHpNullButOtherMaxHpNotNull" time="0.002"/>
  <testcase classname="com.qa.mesadnd.dto.CharacterDTOTest" name="equalsWithDifferentObject" time="0.002"/>
  <testcase classname="com.qa.mesadnd.dto.CharacterDTOTest" name="characterDTOExpNotEqual" time="0.002"/>
  <testcase classname="com.qa.mesadnd.dto.CharacterDTOTest" name="checkEqualityBetweenDifferentObjects" time="0.001"/>
</testsuite> <!-- com.qa.mesadnd.dto.CharacterDTOTest -->
