<?xml version="1.0" encoding="UTF-8"?>
<!-- Generated by org.testng.reporters.JUnitReportReporter -->
<testsuite hostname="DESKTOP-2EF6UIN" failures="0" tests="4" name="com.qa.mesadnd.service.CharacterServiceIntegrationTest" time="4.911" errors="0" timestamp="19 May 2020 21:21:27 GMT" skipped="0">
  <testcase classname="com.qa.mesadnd.service.CharacterServiceIntegrationTest" name="readCharacterTest" time="0.507"/>
  <testcase classname="com.qa.mesadnd.service.CharacterServiceIntegrationTest" name="createCharacterTest" time="0.908"/>
  <testcase classname="com.qa.mesadnd.service.CharacterServiceIntegrationTest" name="findCharacterByIdTest" time="1.974"/>
  <testcase classname="com.qa.mesadnd.service.CharacterServiceIntegrationTest" name="deleteSkillsTest" time="1.522"/>
</testsuite> <!-- com.qa.mesadnd.service.CharacterServiceIntegrationTest -->
