<?xml version="1.0" encoding="UTF-8"?>
<!-- Generated by org.testng.reporters.JUnitReportReporter -->
<testsuite hostname="DESKTOP-2EF6UIN" failures="0" tests="5" name="com.qa.mesadnd.controller.AbilitiesControllerUnitTest" time="0.964" errors="0" timestamp="19 May 2020 21:21:27 GMT" skipped="0">
  <testcase classname="com.qa.mesadnd.controller.AbilitiesControllerUnitTest" name="getAbilitiesByIDTest" time="0.185"/>
  <testcase classname="com.qa.mesadnd.controller.AbilitiesControllerUnitTest" name="deleteSkillsTestTrue" time="0.200"/>
  <testcase classname="com.qa.mesadnd.controller.AbilitiesControllerUnitTest" name="getAllAbilitiesTest" time="0.193"/>
  <testcase classname="com.qa.mesadnd.controller.AbilitiesControllerUnitTest" name="createAbilitiesTest" time="0.189"/>
  <testcase classname="com.qa.mesadnd.controller.AbilitiesControllerUnitTest" name="deleteAbilitiesTestFalse" time="0.197"/>
</testsuite> <!-- com.qa.mesadnd.controller.AbilitiesControllerUnitTest -->
