<?xml version="1.0" encoding="UTF-8"?>
<!-- Generated by org.testng.reporters.JUnitReportReporter -->
<testsuite hostname="DESKTOP-2EF6UIN" failures="0" tests="4" name="com.qa.mesadnd.controller.AbilitiesControllerIntegrationTest" time="47.878" errors="0" timestamp="19 May 2020 21:21:27 GMT" skipped="0">
  <testcase classname="com.qa.mesadnd.controller.AbilitiesControllerIntegrationTest" name="getAbilitiesByID" time="12.446"/>
  <testcase classname="com.qa.mesadnd.controller.AbilitiesControllerIntegrationTest" name="createAbilitiesTest" time="11.809"/>
  <testcase classname="com.qa.mesadnd.controller.AbilitiesControllerIntegrationTest" name="deleteAbilitiesTest" time="11.487"/>
  <testcase classname="com.qa.mesadnd.controller.AbilitiesControllerIntegrationTest" name="getAllAbilitiesTest" time="12.136"/>
</testsuite> <!-- com.qa.mesadnd.controller.AbilitiesControllerIntegrationTest -->
